2025-08-14 11:52:25,165 - __main__ - INFO - Initializing PyTorch FPL Prediction Engine...
2025-08-14 11:52:25,199 - src.models.pytorch_cnn_predictor - INFO - PyTorch predictor initialized on device: mps
2025-08-14 11:52:25,199 - src.pytorch_prediction_engine - INFO - Training new PyTorch CNN model
2025-08-14 11:52:25,199 - src.pytorch_prediction_engine - INFO - Fetching training data...
2025-08-14 11:52:25,199 - src.data.external_datasets - INFO - Fetching Vaastav data for season 2021-22
2025-08-14 11:52:27,463 - src.data.external_datasets - INFO - Fetching Vaastav data for season 2022-23
2025-08-14 11:52:30,352 - src.data.external_datasets - INFO - Fetching Vaastav data for season 2023-24
2025-08-14 11:52:33,328 - src.data.external_datasets - INFO - Fetching Vaastav data for season 2024-25
2025-08-14 11:52:42,951 - src.data.external_datasets - ERROR - Error fetching Vaastav data: Error tokenizing data. C error: Expected 42 fields in line 14180, saw 49

2025-08-14 11:52:42,951 - src.data.external_datasets - WARNING - Could not fetch data for season 2024-25: Error tokenizing data. C error: Expected 42 fields in line 14180, saw 49

2025-08-14 11:52:42,984 - src.pytorch_prediction_engine - INFO - Training data shape: (81677, 42)
2025-08-14 11:52:42,995 - src.pytorch_prediction_engine - ERROR - Training failed: Invalid comparison between dtype=datetime64[ns, UTC] and Timestamp
2025-08-14 11:52:42,995 - src.pytorch_prediction_engine - INFO - Will use baseline predictions instead
2025-08-14 11:52:42,997 - src.pytorch_prediction_engine - INFO - Generating player predictions
2025-08-14 11:52:43,654 - src.pytorch_prediction_engine - INFO - CNN model not available, trying to load existing model...
2025-08-14 11:52:43,654 - src.pytorch_prediction_engine - INFO - Model loaded successfully
2025-08-14 11:53:23,451 - src.pytorch_prediction_engine - INFO - Generated predictions for 685 players
2025-08-14 11:53:23,628 - src.pytorch_prediction_engine - INFO - Optimizing team selection
2025-08-14 11:53:57,525 - __main__ - INFO - Initializing PyTorch FPL Prediction Engine...
2025-08-14 11:53:57,542 - src.models.pytorch_cnn_predictor - INFO - PyTorch predictor initialized on device: mps
2025-08-14 11:53:57,542 - src.pytorch_prediction_engine - INFO - Training new PyTorch CNN model
2025-08-14 11:53:57,542 - src.pytorch_prediction_engine - INFO - Fetching training data...
2025-08-14 11:53:57,543 - src.data.external_datasets - INFO - Loading cached data from data/cache/vaastav_2021_22.csv
2025-08-14 11:53:57,589 - src.data.external_datasets - INFO - Loading cached data from data/cache/vaastav_2022_23.csv
2025-08-14 11:53:57,629 - src.data.external_datasets - INFO - Loading cached data from data/cache/vaastav_2023_24.csv
2025-08-14 11:53:57,698 - src.pytorch_prediction_engine - INFO - Training data shape: (81677, 42)
2025-08-14 11:53:57,709 - src.pytorch_prediction_engine - INFO - Train set: 66289 records, Validation set: 15388 records
2025-08-14 11:53:57,764 - src.models.pytorch_cnn_predictor - INFO - Model built with 102273 parameters
2025-08-14 11:53:57,764 - src.models.pytorch_cnn_predictor - INFO - Preparing training data...
2025-08-14 11:54:00,076 - src.models.pytorch_cnn_predictor - INFO - Training sequences: 58358, Validation sequences: 10221
2025-08-14 11:54:00,118 - src.models.pytorch_cnn_predictor - INFO - Starting training on mps for 50 epochs...
2025-08-14 11:54:11,550 - src.models.pytorch_cnn_predictor - INFO - Epoch 1/50 - Train Loss: 4.4164, Val Loss: 3.5901, Train MAE: 1.1222, Val MAE: 0.9188
2025-08-14 11:54:51,301 - src.models.pytorch_cnn_predictor - INFO - Epoch 6/50 - Train Loss: 4.1914, Val Loss: 3.6322, Train MAE: 1.1039, Val MAE: 0.8686
2025-08-14 11:55:30,401 - src.models.pytorch_cnn_predictor - INFO - Epoch 11/50 - Train Loss: 4.0623, Val Loss: 3.7116, Train MAE: 1.0835, Val MAE: 0.9083
2025-08-14 11:56:08,773 - src.models.pytorch_cnn_predictor - INFO - Epoch 16/50 - Train Loss: 3.9573, Val Loss: 3.6664, Train MAE: 1.0679, Val MAE: 0.9135
2025-08-14 11:56:32,190 - src.models.pytorch_cnn_predictor - INFO - Early stopping at epoch 19
2025-08-14 11:56:32,190 - src.models.pytorch_cnn_predictor - INFO - Training completed. Best validation loss: 3.5851
2025-08-14 11:56:32,205 - src.models.pytorch_cnn_predictor - INFO - Model saved to models
2025-08-14 11:56:32,206 - src.pytorch_prediction_engine - INFO - Model training completed and saved
2025-08-14 11:56:32,210 - src.pytorch_prediction_engine - INFO - Generating player predictions
2025-08-14 11:56:44,294 - src.pytorch_prediction_engine - INFO - Generated predictions for 685 players
2025-08-14 11:56:44,472 - src.pytorch_prediction_engine - INFO - Optimizing team selection
